Starting bot...
Model loaded from models/model.pkl
Getting most recent data...
Initial data fetched.
TICK: 2026-01-26 12:42:15.649016876+00:00 | Price: 1.18466
TICK: 2026-01-26 12:42:16.604066803+00:00 | Price: 1.18466
TICK: 2026-01-26 12:42:17.011623568+00:00 | Price: 1.18467
TICK: 2026-01-26 12:42:17.435444438+00:00 | Price: 1.18465
TICK: 2026-01-26 12:42:17.813721281+00:00 | Price: 1.18466
TICK: 2026-01-26 12:42:18.021222767+00:00 | Price: 1.18466
TICK: 2026-01-26 12:42:18.693586823+00:00 | Price: 1.18466
TICK: 2026-01-26 12:42:18.850996527+00:00 | Price: 1.18466
TICK: 2026-01-26 12:42:19.048149868+00:00 | Price: 1.18466
TICK: 2026-01-26 12:42:19.422694765+00:00 | Price: 1.18461
TICK: 2026-01-26 12:42:19.686036460+00:00 | Price: 1.18463
TICK: 2026-01-26 12:42:21.358572987+00:00 | Price: 1.18463
TICK: 2026-01-26 12:42:22.129215383+00:00 | Price: 1.18464
TICK: 2026-01-26 12:42:24.017683168+00:00 | Price: 1.18462
TICK: 2026-01-26 12:42:29.945824367+00:00 | Price: 1.18461
TICK: 2026-01-26 12:42:30.140791252+00:00 | Price: 1.18461
TICK: 2026-01-26 12:42:31.309920710+00:00 | Price: 1.18466
TICK: 2026-01-26 12:42:31.406826507+00:00 | Price: 1.18466
TICK: 2026-01-26 12:42:32.137631291+00:00 | Price: 1.18467
TICK: 2026-01-26 12:42:32.288066979+00:00 | Price: 1.18466
TICK: 2026-01-26 12:42:33.787577462+00:00 | Price: 1.18467
TICK: 2026-01-26 12:42:34.572470608+00:00 | Price: 1.18466
TICK: 2026-01-26 12:42:38.466798423+00:00 | Price: 1.18464
TICK: 2026-01-26 12:42:38.835645957+00:00 | Price: 1.18464
TICK: 2026-01-26 12:42:39.573154527+00:00 | Price: 1.18464
TICK: 2026-01-26 12:42:44.459076696+00:00 | Price: 1.18464
TICK: 2026-01-26 12:42:44.725931885+00:00 | Price: 1.18465
TICK: 2026-01-26 12:42:45.494796212+00:00 | Price: 1.18464
TICK: 2026-01-26 12:42:47.559195503+00:00 | Price: 1.18464
TICK: 2026-01-26 12:42:47.751375224+00:00 | Price: 1.18463
TICK: 2026-01-26 12:42:48.060612146+00:00 | Price: 1.18464
TICK: 2026-01-26 12:42:48.502704120+00:00 | Price: 1.18461
TICK: 2026-01-26 12:42:48.858211582+00:00 | Price: 1.18464
TICK: 2026-01-26 12:42:49.016543834+00:00 | Price: 1.18464
TICK: 2026-01-26 12:42:50.143804781+00:00 | Price: 1.18466
TICK: 2026-01-26 12:42:53.010668672+00:00 | Price: 1.18467
TICK: 2026-01-26 12:42:53.436998550+00:00 | Price: 1.18466
TICK: 2026-01-26 12:42:54.128526773+00:00 | Price: 1.18466
TICK: 2026-01-26 12:42:55.220844101+00:00 | Price: 1.18466
TICK: 2026-01-26 12:42:55.797758422+00:00 | Price: 1.18466
TICK: 2026-01-26 12:42:57.329857543+00:00 | Price: 1.18466
TICK: 2026-01-26 12:42:57.542940891+00:00 | Price: 1.18466
TICK: 2026-01-26 12:42:58.442854445+00:00 | Price: 1.18466
TICK: 2026-01-26 12:42:58.842674009+00:00 | Price: 1.18466
TICK: 2026-01-26 12:42:59.116121871+00:00 | Price: 1.18465
TICK: 2026-01-26 12:43:00.294247976+00:00 | Price: 1.18466

Bar completed at 2026-01-26 12:43:00.294247976+00:00
Prediction: 1 | Strategy Position: 1
Synced Position: 1 (Net Units: 100000)
Data saved to data\streamed\streamed_data.csv
TICK: 2026-01-26 12:43:02.706852059+00:00 | Price: 1.18470
TICK: 2026-01-26 12:43:03.030823249+00:00 | Price: 1.18463
TICK: 2026-01-26 12:43:03.474019788+00:00 | Price: 1.18463
TICK: 2026-01-26 12:43:04.687900416+00:00 | Price: 1.18466
TICK: 2026-01-26 12:43:04.885196236+00:00 | Price: 1.18466
TICK: 2026-01-26 12:43:05.186060797+00:00 | Price: 1.18466
TICK: 2026-01-26 12:43:05.400400561+00:00 | Price: 1.18466
TICK: 2026-01-26 12:43:05.723905068+00:00 | Price: 1.18466
TICK: 2026-01-26 12:43:06.042223356+00:00 | Price: 1.18467
TICK: 2026-01-26 12:43:14.069166769+00:00 | Price: 1.18467
TICK: 2026-01-26 12:43:14.307776976+00:00 | Price: 1.18467
TICK: 2026-01-26 12:43:21.445677268+00:00 | Price: 1.18467
TICK: 2026-01-26 12:43:23.420969287+00:00 | Price: 1.18467
TICK: 2026-01-26 12:43:23.614829297+00:00 | Price: 1.18467
TICK: 2026-01-26 12:43:24.422404183+00:00 | Price: 1.18467
TICK: 2026-01-26 12:43:24.869556576+00:00 | Price: 1.18468
TICK: 2026-01-26 12:43:25.054783566+00:00 | Price: 1.18467
TICK: 2026-01-26 12:43:25.779700270+00:00 | Price: 1.18470
TICK: 2026-01-26 12:43:26.167295065+00:00 | Price: 1.18471
TICK: 2026-01-26 12:43:26.437276531+00:00 | Price: 1.18471
TICK: 2026-01-26 12:43:27.141691148+00:00 | Price: 1.18473
TICK: 2026-01-26 12:43:27.251982553+00:00 | Price: 1.18471
TICK: 2026-01-26 12:43:31.027994138+00:00 | Price: 1.18473
TICK: 2026-01-26 12:43:31.317257208+00:00 | Price: 1.18473
TICK: 2026-01-26 12:43:33.449485530+00:00 | Price: 1.18473
TICK: 2026-01-26 12:43:33.696749221+00:00 | Price: 1.18473
TICK: 2026-01-26 12:43:35.071357647+00:00 | Price: 1.18471
TICK: 2026-01-26 12:43:35.280299293+00:00 | Price: 1.18471
TICK: 2026-01-26 12:43:36.883747794+00:00 | Price: 1.18471
TICK: 2026-01-26 12:43:37.800348749+00:00 | Price: 1.18471
TICK: 2026-01-26 12:43:38.022872646+00:00 | Price: 1.18471
TICK: 2026-01-26 12:43:38.256950568+00:00 | Price: 1.18469
TICK: 2026-01-26 12:43:38.586472124+00:00 | Price: 1.18470
TICK: 2026-01-26 12:43:38.667298952+00:00 | Price: 1.18469
TICK: 2026-01-26 12:43:39.468744004+00:00 | Price: 1.18470
TICK: 2026-01-26 12:43:40.094763235+00:00 | Price: 1.18470
TICK: 2026-01-26 12:43:40.284384571+00:00 | Price: 1.18470
TICK: 2026-01-26 12:43:40.731488841+00:00 | Price: 1.18470
TICK: 2026-01-26 12:43:40.954780495+00:00 | Price: 1.18470
TICK: 2026-01-26 12:43:41.139874276+00:00 | Price: 1.18471
TICK: 2026-01-26 12:43:43.252761605+00:00 | Price: 1.18471
TICK: 2026-01-26 12:43:44.078721360+00:00 | Price: 1.18472
TICK: 2026-01-26 12:43:47.478330728+00:00 | Price: 1.18471
TICK: 2026-01-26 12:43:48.410154028+00:00 | Price: 1.18472
TICK: 2026-01-26 12:43:50.252519484+00:00 | Price: 1.18473
TICK: 2026-01-26 12:43:54.056239248+00:00 | Price: 1.18471
TICK: 2026-01-26 12:43:54.350755420+00:00 | Price: 1.18467
TICK: 2026-01-26 12:44:01.519331636+00:00 | Price: 1.18466

Bar completed at 2026-01-26 12:44:01.519331636+00:00
Prediction: 1 | Strategy Position: 1
Synced Position: 1 (Net Units: 100000)
Data saved to data\streamed\streamed_data.csv
TICK: 2026-01-26 12:44:06.333244281+00:00 | Price: 1.18467
TICK: 2026-01-26 12:44:10.466217309+00:00 | Price: 1.18467
TICK: 2026-01-26 12:44:16.922465722+00:00 | Price: 1.18464
TICK: 2026-01-26 12:44:17.464432534+00:00 | Price: 1.18464
TICK: 2026-01-26 12:44:19.334561078+00:00 | Price: 1.18462
TICK: 2026-01-26 12:44:20.086268195+00:00 | Price: 1.18463
TICK: 2026-01-26 12:44:24.540468492+00:00 | Price: 1.18460
TICK: 2026-01-26 12:44:25.051809581+00:00 | Price: 1.18460
TICK: 2026-01-26 12:44:25.545822692+00:00 | Price: 1.18461
TICK: 2026-01-26 12:44:28.556930621+00:00 | Price: 1.18459
TICK: 2026-01-26 12:44:37.016857800+00:00 | Price: 1.18457
TICK: 2026-01-26 12:44:44.101359650+00:00 | Price: 1.18451
TICK: 2026-01-26 12:44:44.445261713+00:00 | Price: 1.18451
TICK: 2026-01-26 12:44:44.560633778+00:00 | Price: 1.18451
TICK: 2026-01-26 12:44:45.208747588+00:00 | Price: 1.18451
TICK: 2026-01-26 12:44:45.461982606+00:00 | Price: 1.18451
TICK: 2026-01-26 12:44:45.860336365+00:00 | Price: 1.18451
TICK: 2026-01-26 12:44:46.812677272+00:00 | Price: 1.18451
TICK: 2026-01-26 12:44:48.456410463+00:00 | Price: 1.18454
TICK: 2026-01-26 12:44:48.695618191+00:00 | Price: 1.18456
TICK: 2026-01-26 12:44:49.176983955+00:00 | Price: 1.18456
TICK: 2026-01-26 12:44:50.174065703+00:00 | Price: 1.18455
TICK: 2026-01-26 12:44:50.519061942+00:00 | Price: 1.18455
TICK: 2026-01-26 12:44:50.787435843+00:00 | Price: 1.18455
TICK: 2026-01-26 12:44:51.106194197+00:00 | Price: 1.18456
TICK: 2026-01-26 12:44:52.460179266+00:00 | Price: 1.18454
TICK: 2026-01-26 12:44:53.127976845+00:00 | Price: 1.18457
TICK: 2026-01-26 12:44:53.579680072+00:00 | Price: 1.18457
TICK: 2026-01-26 12:44:53.788770158+00:00 | Price: 1.18457
TICK: 2026-01-26 12:44:55.092621527+00:00 | Price: 1.18456
TICK: 2026-01-26 12:44:56.421499388+00:00 | Price: 1.18454
TICK: 2026-01-26 12:44:59.505182558+00:00 | Price: 1.18452
TICK: 2026-01-26 12:45:00.392445914+00:00 | Price: 1.18451

Bar completed at 2026-01-26 12:45:00.392445914+00:00
Prediction: 1 | Strategy Position: 1
Synced Position: 1 (Net Units: 100000)
Data saved to data\streamed\streamed_data.csv
TICK: 2026-01-26 12:45:03.306257774+00:00 | Price: 1.18446
TICK: 2026-01-26 12:45:03.611292354+00:00 | Price: 1.18446
TICK: 2026-01-26 12:45:03.868790748+00:00 | Price: 1.18446
TICK: 2026-01-26 12:45:03.963764983+00:00 | Price: 1.18447
TICK: 2026-01-26 12:45:04.805430046+00:00 | Price: 1.18447
TICK: 2026-01-26 12:45:05.963152256+00:00 | Price: 1.18447
TICK: 2026-01-26 12:45:06.256957449+00:00 | Price: 1.18447
TICK: 2026-01-26 12:45:06.771288042+00:00 | Price: 1.18446
TICK: 2026-01-26 12:45:07.973014474+00:00 | Price: 1.18447
TICK: 2026-01-26 12:45:09.749154582+00:00 | Price: 1.18446
TICK: 2026-01-26 12:45:10.735944905+00:00 | Price: 1.18447
TICK: 2026-01-26 12:45:11.861932623+00:00 | Price: 1.18447
TICK: 2026-01-26 12:45:16.671160237+00:00 | Price: 1.18446
TICK: 2026-01-26 12:45:17.443977366+00:00 | Price: 1.18447
TICK: 2026-01-26 12:45:18.348916196+00:00 | Price: 1.18451
TICK: 2026-01-26 12:45:18.580128745+00:00 | Price: 1.18452
TICK: 2026-01-26 12:45:19.462807017+00:00 | Price: 1.18452
TICK: 2026-01-26 12:45:20.018765001+00:00 | Price: 1.18451
TICK: 2026-01-26 12:45:23.848575510+00:00 | Price: 1.18451
TICK: 2026-01-26 12:45:29.652459284+00:00 | Price: 1.18453
TICK: 2026-01-26 12:45:30.019581202+00:00 | Price: 1.18453
TICK: 2026-01-26 12:45:31.300073161+00:00 | Price: 1.18456
TICK: 2026-01-26 12:45:31.573257981+00:00 | Price: 1.18456
TICK: 2026-01-26 12:45:33.713331214+00:00 | Price: 1.18456
TICK: 2026-01-26 12:45:34.023727118+00:00 | Price: 1.18456
TICK: 2026-01-26 12:45:34.309403754+00:00 | Price: 1.18456
TICK: 2026-01-26 12:45:35.321977527+00:00 | Price: 1.18456
TICK: 2026-01-26 12:45:35.572704739+00:00 | Price: 1.18457
TICK: 2026-01-26 12:45:36.553106248+00:00 | Price: 1.18458
TICK: 2026-01-26 12:45:37.070896152+00:00 | Price: 1.18456
TICK: 2026-01-26 12:45:37.395818015+00:00 | Price: 1.18457
TICK: 2026-01-26 12:45:38.950411530+00:00 | Price: 1.18454
TICK: 2026-01-26 12:45:39.239564230+00:00 | Price: 1.18450
TICK: 2026-01-26 12:45:39.328789613+00:00 | Price: 1.18450
TICK: 2026-01-26 12:45:40.493365621+00:00 | Price: 1.18447
TICK: 2026-01-26 12:45:40.909641704+00:00 | Price: 1.18444
TICK: 2026-01-26 12:45:41.279082149+00:00 | Price: 1.18444
TICK: 2026-01-26 12:45:41.529962661+00:00 | Price: 1.18445
TICK: 2026-01-26 12:45:42.180605487+00:00 | Price: 1.18443
TICK: 2026-01-26 12:45:42.519446872+00:00 | Price: 1.18443
TICK: 2026-01-26 12:45:42.762808704+00:00 | Price: 1.18443
TICK: 2026-01-26 12:45:43.082871131+00:00 | Price: 1.18443
TICK: 2026-01-26 12:45:43.400262488+00:00 | Price: 1.18443
TICK: 2026-01-26 12:45:43.697433778+00:00 | Price: 1.18440
TICK: 2026-01-26 12:45:43.713514103+00:00 | Price: 1.18438
TICK: 2026-01-26 12:45:45.665688931+00:00 | Price: 1.18437
TICK: 2026-01-26 12:45:45.958171194+00:00 | Price: 1.18439
TICK: 2026-01-26 12:45:46.121448933+00:00 | Price: 1.18440
TICK: 2026-01-26 12:45:47.400809239+00:00 | Price: 1.18439
TICK: 2026-01-26 12:45:53.036648754+00:00 | Price: 1.18441
TICK: 2026-01-26 12:45:53.317488452+00:00 | Price: 1.18441
TICK: 2026-01-26 12:45:53.407464630+00:00 | Price: 1.18441
TICK: 2026-01-26 12:45:55.243923397+00:00 | Price: 1.18440
TICK: 2026-01-26 12:45:57.155596308+00:00 | Price: 1.18440
TICK: 2026-01-26 12:45:57.581402799+00:00 | Price: 1.18441
TICK: 2026-01-26 12:45:58.470498291+00:00 | Price: 1.18443
TICK: 2026-01-26 12:45:58.567928902+00:00 | Price: 1.18441
TICK: 2026-01-26 12:46:01.950774988+00:00 | Price: 1.18442

Bar completed at 2026-01-26 12:46:01.950774988+00:00
Prediction: 1 | Strategy Position: 1
Synced Position: 1 (Net Units: 100000)
Data saved to data\streamed\streamed_data.csv
TICK: 2026-01-26 12:46:02.215367587+00:00 | Price: 1.18442
TICK: 2026-01-26 12:46:04.087965668+00:00 | Price: 1.18443
TICK: 2026-01-26 12:46:04.644493780+00:00 | Price: 1.18443
TICK: 2026-01-26 12:46:05.043722273+00:00 | Price: 1.18444
TICK: 2026-01-26 12:46:06.594565418+00:00 | Price: 1.18446
TICK: 2026-01-26 12:46:07.142037179+00:00 | Price: 1.18446
TICK: 2026-01-26 12:46:07.410805189+00:00 | Price: 1.18446
TICK: 2026-01-26 12:46:08.020366998+00:00 | Price: 1.18446
TICK: 2026-01-26 12:46:08.318892909+00:00 | Price: 1.18445
TICK: 2026-01-26 12:46:11.719645242+00:00 | Price: 1.18446
TICK: 2026-01-26 12:46:13.391953527+00:00 | Price: 1.18444
TICK: 2026-01-26 12:46:13.708288132+00:00 | Price: 1.18444
TICK: 2026-01-26 12:46:15.501338769+00:00 | Price: 1.18445
TICK: 2026-01-26 12:46:19.114173499+00:00 | Price: 1.18447
TICK: 2026-01-26 12:46:20.687611048+00:00 | Price: 1.18447
TICK: 2026-01-26 12:46:22.638192545+00:00 | Price: 1.18447
TICK: 2026-01-26 12:46:22.773705334+00:00 | Price: 1.18446
TICK: 2026-01-26 12:46:25.572065914+00:00 | Price: 1.18446
TICK: 2026-01-26 12:46:29.826591494+00:00 | Price: 1.18447
TICK: 2026-01-26 12:46:29.928742572+00:00 | Price: 1.18449
TICK: 2026-01-26 12:46:30.146747155+00:00 | Price: 1.18449
TICK: 2026-01-26 12:46:31.095972005+00:00 | Price: 1.18450
TICK: 2026-01-26 12:46:31.267808675+00:00 | Price: 1.18450
TICK: 2026-01-26 12:46:32.415840481+00:00 | Price: 1.18450
TICK: 2026-01-26 12:46:32.650265414+00:00 | Price: 1.18450
TICK: 2026-01-26 12:46:34.186653042+00:00 | Price: 1.18450
TICK: 2026-01-26 12:46:36.424905886+00:00 | Price: 1.18449
TICK: 2026-01-26 12:46:36.849363856+00:00 | Price: 1.18450
TICK: 2026-01-26 12:46:36.959825943+00:00 | Price: 1.18447
TICK: 2026-01-26 12:46:38.592185358+00:00 | Price: 1.18448
TICK: 2026-01-26 12:46:39.972367064+00:00 | Price: 1.18451
TICK: 2026-01-26 12:46:40.289199952+00:00 | Price: 1.18450
TICK: 2026-01-26 12:46:40.349484755+00:00 | Price: 1.18450
TICK: 2026-01-26 12:46:40.854639982+00:00 | Price: 1.18451
TICK: 2026-01-26 12:46:41.147536717+00:00 | Price: 1.18450
TICK: 2026-01-26 12:46:42.108490414+00:00 | Price: 1.18450
TICK: 2026-01-26 12:46:43.282757797+00:00 | Price: 1.18449
TICK: 2026-01-26 12:46:49.596255610+00:00 | Price: 1.18450
TICK: 2026-01-26 12:46:49.789376083+00:00 | Price: 1.18447
TICK: 2026-01-26 12:46:51.176233365+00:00 | Price: 1.18446
TICK: 2026-01-26 12:46:51.459223930+00:00 | Price: 1.18444
TICK: 2026-01-26 12:46:51.494839433+00:00 | Price: 1.18445
TICK: 2026-01-26 12:46:53.234147184+00:00 | Price: 1.18447
TICK: 2026-01-26 12:46:55.983227359+00:00 | Price: 1.18449
TICK: 2026-01-26 12:46:56.401275959+00:00 | Price: 1.18447
TICK: 2026-01-26 12:46:57.097697733+00:00 | Price: 1.18447
TICK: 2026-01-26 12:46:57.331706442+00:00 | Price: 1.18447
TICK: 2026-01-26 12:46:57.774822361+00:00 | Price: 1.18451
TICK: 2026-01-26 12:46:57.950142688+00:00 | Price: 1.18450
TICK: 2026-01-26 12:46:58.545012047+00:00 | Price: 1.18450
TICK: 2026-01-26 12:46:58.752258448+00:00 | Price: 1.18449
TICK: 2026-01-26 12:46:59.017006484+00:00 | Price: 1.18450
TICK: 2026-01-26 12:46:59.476139489+00:00 | Price: 1.18449
TICK: 2026-01-26 12:46:59.871160907+00:00 | Price: 1.18450
TICK: 2026-01-26 12:47:00.363016796+00:00 | Price: 1.18451

Bar completed at 2026-01-26 12:47:00.363016796+00:00
Prediction: 1 | Strategy Position: 1
Synced Position: 1 (Net Units: 100000)
Data saved to data\streamed\streamed_data.csv
TICK: 2026-01-26 12:47:00.563682191+00:00 | Price: 1.18451
TICK: 2026-01-26 12:47:01.075151636+00:00 | Price: 1.18451
TICK: 2026-01-26 12:47:01.283116050+00:00 | Price: 1.18450
TICK: 2026-01-26 12:47:01.438923099+00:00 | Price: 1.18450
TICK: 2026-01-26 12:47:02.105073575+00:00 | Price: 1.18451
TICK: 2026-01-26 12:47:02.310652642+00:00 | Price: 1.18450
TICK: 2026-01-26 12:47:02.786847954+00:00 | Price: 1.18451
TICK: 2026-01-26 12:47:03.055835241+00:00 | Price: 1.18450
TICK: 2026-01-26 12:47:04.237853345+00:00 | Price: 1.18451
TICK: 2026-01-26 12:47:04.493036656+00:00 | Price: 1.18450
TICK: 2026-01-26 12:47:05.072187356+00:00 | Price: 1.18451
TICK: 2026-01-26 12:47:09.482801205+00:00 | Price: 1.18450
TICK: 2026-01-26 12:47:11.463820563+00:00 | Price: 1.18450
TICK: 2026-01-26 12:47:11.896629790+00:00 | Price: 1.18444
TICK: 2026-01-26 12:47:13.434395159+00:00 | Price: 1.18443
TICK: 2026-01-26 12:47:14.643467753+00:00 | Price: 1.18443
TICK: 2026-01-26 12:47:15.095807989+00:00 | Price: 1.18440
TICK: 2026-01-26 12:47:15.386281081+00:00 | Price: 1.18440
TICK: 2026-01-26 12:47:15.425388697+00:00 | Price: 1.18441
TICK: 2026-01-26 12:47:15.943947157+00:00 | Price: 1.18440
TICK: 2026-01-26 12:47:17.618787771+00:00 | Price: 1.18441
TICK: 2026-01-26 12:47:18.630107819+00:00 | Price: 1.18440
TICK: 2026-01-26 12:47:20.474355479+00:00 | Price: 1.18441
TICK: 2026-01-26 12:47:22.800420437+00:00 | Price: 1.18440
TICK: 2026-01-26 12:47:23.403228702+00:00 | Price: 1.18441
TICK: 2026-01-26 12:47:24.159876120+00:00 | Price: 1.18440
TICK: 2026-01-26 12:47:25.505917009+00:00 | Price: 1.18441
TICK: 2026-01-26 12:47:25.790356734+00:00 | Price: 1.18440
TICK: 2026-01-26 12:47:27.999266765+00:00 | Price: 1.18440
TICK: 2026-01-26 12:47:29.223651582+00:00 | Price: 1.18440
TICK: 2026-01-26 12:47:30.184346352+00:00 | Price: 1.18441
TICK: 2026-01-26 12:47:33.217714821+00:00 | Price: 1.18441
TICK: 2026-01-26 12:47:33.702555026+00:00 | Price: 1.18440
TICK: 2026-01-26 12:47:34.302585610+00:00 | Price: 1.18440
TICK: 2026-01-26 12:47:35.017007842+00:00 | Price: 1.18440
TICK: 2026-01-26 12:47:35.485457894+00:00 | Price: 1.18440
TICK: 2026-01-26 12:47:35.804233829+00:00 | Price: 1.18440
TICK: 2026-01-26 12:47:36.595812677+00:00 | Price: 1.18440
TICK: 2026-01-26 12:47:39.370961909+00:00 | Price: 1.18440
TICK: 2026-01-26 12:47:40.116034885+00:00 | Price: 1.18440
TICK: 2026-01-26 12:47:40.717720639+00:00 | Price: 1.18437
TICK: 2026-01-26 12:47:40.928986784+00:00 | Price: 1.18437
TICK: 2026-01-26 12:47:41.726718758+00:00 | Price: 1.18436
TICK: 2026-01-26 12:47:42.062476871+00:00 | Price: 1.18436
TICK: 2026-01-26 12:47:42.174473549+00:00 | Price: 1.18437
TICK: 2026-01-26 12:47:43.616356576+00:00 | Price: 1.18437
TICK: 2026-01-26 12:47:44.106602854+00:00 | Price: 1.18437
TICK: 2026-01-26 12:47:44.728448353+00:00 | Price: 1.18437
TICK: 2026-01-26 12:47:44.967833448+00:00 | Price: 1.18437
TICK: 2026-01-26 12:47:45.063394329+00:00 | Price: 1.18436
TICK: 2026-01-26 12:47:47.244404721+00:00 | Price: 1.18436
TICK: 2026-01-26 12:47:52.740137980+00:00 | Price: 1.18437
TICK: 2026-01-26 12:47:53.857324150+00:00 | Price: 1.18437
TICK: 2026-01-26 12:47:56.275324466+00:00 | Price: 1.18437
TICK: 2026-01-26 12:47:59.076490150+00:00 | Price: 1.18441
TICK: 2026-01-26 12:47:59.349920167+00:00 | Price: 1.18441
TICK: 2026-01-26 12:48:04.587039539+00:00 | Price: 1.18441

Bar completed at 2026-01-26 12:48:04.587039539+00:00
Prediction: 1 | Strategy Position: 1
Synced Position: 1 (Net Units: 100000)
Data saved to data\streamed\streamed_data.csv
TICK: 2026-01-26 12:48:05.054511719+00:00 | Price: 1.18441
TICK: 2026-01-26 12:48:06.195806412+00:00 | Price: 1.18441
TICK: 2026-01-26 12:48:06.678466051+00:00 | Price: 1.18441
TICK: 2026-01-26 12:48:09.317987475+00:00 | Price: 1.18443
TICK: 2026-01-26 12:48:09.393830796+00:00 | Price: 1.18443
TICK: 2026-01-26 12:48:11.734808281+00:00 | Price: 1.18443
TICK: 2026-01-26 12:48:13.538018536+00:00 | Price: 1.18443
TICK: 2026-01-26 12:48:13.976783557+00:00 | Price: 1.18443
TICK: 2026-01-26 12:48:20.975130937+00:00 | Price: 1.18441
TICK: 2026-01-26 12:48:25.119162018+00:00 | Price: 1.18441
TICK: 2026-01-26 12:48:25.741766889+00:00 | Price: 1.18441
TICK: 2026-01-26 12:48:25.782620637+00:00 | Price: 1.18441
TICK: 2026-01-26 12:48:26.470126399+00:00 | Price: 1.18441
TICK: 2026-01-26 12:48:30.854423264+00:00 | Price: 1.18445
TICK: 2026-01-26 12:48:33.203104493+00:00 | Price: 1.18447
TICK: 2026-01-26 12:48:33.995955159+00:00 | Price: 1.18446
TICK: 2026-01-26 12:48:34.329629544+00:00 | Price: 1.18446
TICK: 2026-01-26 12:48:35.695429777+00:00 | Price: 1.18446
TICK: 2026-01-26 12:48:36.308509488+00:00 | Price: 1.18446
TICK: 2026-01-26 12:48:36.456639235+00:00 | Price: 1.18446
TICK: 2026-01-26 12:48:36.641383504+00:00 | Price: 1.18446
TICK: 2026-01-26 12:48:40.616073870+00:00 | Price: 1.18446
TICK: 2026-01-26 12:48:43.018319922+00:00 | Price: 1.18450
TICK: 2026-01-26 12:48:43.288245738+00:00 | Price: 1.18451
TICK: 2026-01-26 12:48:46.093741696+00:00 | Price: 1.18456
TICK: 2026-01-26 12:48:46.285405027+00:00 | Price: 1.18456
TICK: 2026-01-26 12:48:46.579295681+00:00 | Price: 1.18457
TICK: 2026-01-26 12:48:47.538369057+00:00 | Price: 1.18457
TICK: 2026-01-26 12:48:47.674969659+00:00 | Price: 1.18457
TICK: 2026-01-26 12:48:48.085243573+00:00 | Price: 1.18458
TICK: 2026-01-26 12:48:48.340102136+00:00 | Price: 1.18457
TICK: 2026-01-26 12:48:48.497148927+00:00 | Price: 1.18457
TICK: 2026-01-26 12:48:48.717140526+00:00 | Price: 1.18456
TICK: 2026-01-26 12:48:49.019832827+00:00 | Price: 1.18456
TICK: 2026-01-26 12:48:52.626104226+00:00 | Price: 1.18457
TICK: 2026-01-26 12:48:52.692737710+00:00 | Price: 1.18457
TICK: 2026-01-26 12:48:53.709512905+00:00 | Price: 1.18457
TICK: 2026-01-26 12:48:54.459090617+00:00 | Price: 1.18459
TICK: 2026-01-26 12:48:55.029212183+00:00 | Price: 1.18461
TICK: 2026-01-26 12:48:57.059484305+00:00 | Price: 1.18463
TICK: 2026-01-26 12:48:58.207567582+00:00 | Price: 1.18458
TICK: 2026-01-26 12:48:58.518795615+00:00 | Price: 1.18458
TICK: 2026-01-26 12:48:58.664123950+00:00 | Price: 1.18457
TICK: 2026-01-26 12:48:59.500666257+00:00 | Price: 1.18456
TICK: 2026-01-26 12:48:59.838136191+00:00 | Price: 1.18454
TICK: 2026-01-26 12:49:00.167511176+00:00 | Price: 1.18453

Bar completed at 2026-01-26 12:49:00.167511176+00:00
Prediction: 1 | Strategy Position: 1
Synced Position: 1 (Net Units: 100000)
Data saved to data\streamed\streamed_data.csv
TICK: 2026-01-26 12:49:00.458584384+00:00 | Price: 1.18454
TICK: 2026-01-26 12:49:00.852594402+00:00 | Price: 1.18453
TICK: 2026-01-26 12:49:01.079674045+00:00 | Price: 1.18454
TICK: 2026-01-26 12:49:01.431262540+00:00 | Price: 1.18453
TICK: 2026-01-26 12:49:01.513138723+00:00 | Price: 1.18453
TICK: 2026-01-26 12:49:01.906244567+00:00 | Price: 1.18453
TICK: 2026-01-26 12:49:02.844069306+00:00 | Price: 1.18454
TICK: 2026-01-26 12:49:03.725859657+00:00 | Price: 1.18453
TICK: 2026-01-26 12:49:05.237005626+00:00 | Price: 1.18453
TICK: 2026-01-26 12:49:06.810750864+00:00 | Price: 1.18453
TICK: 2026-01-26 12:49:06.881451864+00:00 | Price: 1.18453
TICK: 2026-01-26 12:49:07.193968138+00:00 | Price: 1.18454
TICK: 2026-01-26 12:49:07.579731520+00:00 | Price: 1.18451
TICK: 2026-01-26 12:49:08.317765897+00:00 | Price: 1.18451
TICK: 2026-01-26 12:49:10.815232891+00:00 | Price: 1.18453
TICK: 2026-01-26 12:49:11.679748912+00:00 | Price: 1.18456
TICK: 2026-01-26 12:49:12.028298371+00:00 | Price: 1.18456
TICK: 2026-01-26 12:49:13.053081180+00:00 | Price: 1.18456
TICK: 2026-01-26 12:49:13.510491317+00:00 | Price: 1.18456
TICK: 2026-01-26 12:49:14.497266075+00:00 | Price: 1.18456
TICK: 2026-01-26 12:49:14.954450385+00:00 | Price: 1.18457
TICK: 2026-01-26 12:49:15.490342866+00:00 | Price: 1.18452
TICK: 2026-01-26 12:49:16.069519962+00:00 | Price: 1.18451
TICK: 2026-01-26 12:49:16.382164550+00:00 | Price: 1.18451
TICK: 2026-01-26 12:49:17.228250547+00:00 | Price: 1.18451
TICK: 2026-01-26 12:49:18.013215627+00:00 | Price: 1.18451
TICK: 2026-01-26 12:49:22.664371074+00:00 | Price: 1.18451
TICK: 2026-01-26 12:49:23.085553444+00:00 | Price: 1.18451
TICK: 2026-01-26 12:49:23.630425588+00:00 | Price: 1.18451
TICK: 2026-01-26 12:49:23.879658833+00:00 | Price: 1.18450
TICK: 2026-01-26 12:49:24.202311956+00:00 | Price: 1.18450
TICK: 2026-01-26 12:49:25.228857193+00:00 | Price: 1.18450
TICK: 2026-01-26 12:49:25.529185593+00:00 | Price: 1.18449
TICK: 2026-01-26 12:49:27.825766903+00:00 | Price: 1.18447
TICK: 2026-01-26 12:49:28.618195958+00:00 | Price: 1.18447
TICK: 2026-01-26 12:49:29.622579202+00:00 | Price: 1.18449
TICK: 2026-01-26 12:49:30.123252930+00:00 | Price: 1.18447
TICK: 2026-01-26 12:49:31.893285902+00:00 | Price: 1.18447
TICK: 2026-01-26 12:49:32.749214994+00:00 | Price: 1.18446
TICK: 2026-01-26 12:49:33.596354020+00:00 | Price: 1.18446
TICK: 2026-01-26 12:49:33.859895635+00:00 | Price: 1.18444
TICK: 2026-01-26 12:49:34.158459717+00:00 | Price: 1.18443
TICK: 2026-01-26 12:49:34.464721897+00:00 | Price: 1.18443
TICK: 2026-01-26 12:49:34.677251219+00:00 | Price: 1.18443
TICK: 2026-01-26 12:49:35.793310258+00:00 | Price: 1.18441
TICK: 2026-01-26 12:49:41.133608630+00:00 | Price: 1.18440
TICK: 2026-01-26 12:49:41.372881757+00:00 | Price: 1.18441
TICK: 2026-01-26 12:49:42.037222416+00:00 | Price: 1.18442
TICK: 2026-01-26 12:49:42.666132248+00:00 | Price: 1.18441
TICK: 2026-01-26 12:49:45.846371065+00:00 | Price: 1.18439
TICK: 2026-01-26 12:49:53.607035647+00:00 | Price: 1.18439
TICK: 2026-01-26 12:49:53.791990413+00:00 | Price: 1.18440
TICK: 2026-01-26 12:49:54.532631034+00:00 | Price: 1.18440
TICK: 2026-01-26 12:49:54.894470773+00:00 | Price: 1.18441
TICK: 2026-01-26 12:49:56.252327650+00:00 | Price: 1.18440
TICK: 2026-01-26 12:49:56.432332471+00:00 | Price: 1.18440
TICK: 2026-01-26 12:49:56.640982965+00:00 | Price: 1.18440
TICK: 2026-01-26 12:49:57.255942203+00:00 | Price: 1.18440
TICK: 2026-01-26 12:49:57.926873206+00:00 | Price: 1.18440
TICK: 2026-01-26 12:49:58.258497074+00:00 | Price: 1.18440
TICK: 2026-01-26 12:49:58.402082271+00:00 | Price: 1.18440
TICK: 2026-01-26 12:49:58.610094285+00:00 | Price: 1.18438
TICK: 2026-01-26 12:49:59.041158841+00:00 | Price: 1.18438
TICK: 2026-01-26 12:50:00.144172972+00:00 | Price: 1.18439

Bar completed at 2026-01-26 12:50:00.144172972+00:00
Prediction: 1 | Strategy Position: 1
Synced Position: 1 (Net Units: 100000)
Data saved to data\streamed\streamed_data.csv
TICK: 2026-01-26 12:50:02.214444205+00:00 | Price: 1.18440
TICK: 2026-01-26 12:50:02.492596144+00:00 | Price: 1.18440
TICK: 2026-01-26 12:50:02.719060435+00:00 | Price: 1.18440
TICK: 2026-01-26 12:50:02.825384440+00:00 | Price: 1.18440
TICK: 2026-01-26 12:50:03.055484021+00:00 | Price: 1.18440
TICK: 2026-01-26 12:50:03.515385580+00:00 | Price: 1.18440
TICK: 2026-01-26 12:50:03.788118157+00:00 | Price: 1.18440
TICK: 2026-01-26 12:50:04.097586036+00:00 | Price: 1.18440
TICK: 2026-01-26 12:50:04.366713087+00:00 | Price: 1.18440
TICK: 2026-01-26 12:50:05.022124880+00:00 | Price: 1.18440
TICK: 2026-01-26 12:50:05.183055037+00:00 | Price: 1.18440
TICK: 2026-01-26 12:50:07.952262927+00:00 | Price: 1.18440
TICK: 2026-01-26 12:50:08.178738977+00:00 | Price: 1.18440
TICK: 2026-01-26 12:50:09.364216910+00:00 | Price: 1.18440
TICK: 2026-01-26 12:50:10.359003911+00:00 | Price: 1.18440
TICK: 2026-01-26 12:50:11.017458149+00:00 | Price: 1.18440
TICK: 2026-01-26 12:50:11.901685823+00:00 | Price: 1.18440
TICK: 2026-01-26 12:50:12.237162148+00:00 | Price: 1.18439
TICK: 2026-01-26 12:50:13.587683637+00:00 | Price: 1.18438
TICK: 2026-01-26 12:50:17.525447136+00:00 | Price: 1.18439
TICK: 2026-01-26 12:50:17.809852589+00:00 | Price: 1.18439
TICK: 2026-01-26 12:50:20.791714855+00:00 | Price: 1.18437
TICK: 2026-01-26 12:50:22.280499318+00:00 | Price: 1.18437
TICK: 2026-01-26 12:50:23.365126780+00:00 | Price: 1.18437
TICK: 2026-01-26 12:50:23.455590613+00:00 | Price: 1.18437
TICK: 2026-01-26 12:50:24.422237234+00:00 | Price: 1.18438
TICK: 2026-01-26 12:50:25.736300413+00:00 | Price: 1.18437
TICK: 2026-01-26 12:50:29.337633881+00:00 | Price: 1.18437
TICK: 2026-01-26 12:50:29.466925903+00:00 | Price: 1.18434
TICK: 2026-01-26 12:50:29.905502031+00:00 | Price: 1.18434
TICK: 2026-01-26 12:50:31.253603655+00:00 | Price: 1.18434
TICK: 2026-01-26 12:50:32.468278634+00:00 | Price: 1.18433
TICK: 2026-01-26 12:50:32.593797715+00:00 | Price: 1.18433
TICK: 2026-01-26 12:50:32.972233798+00:00 | Price: 1.18434
TICK: 2026-01-26 12:50:33.045683723+00:00 | Price: 1.18434
TICK: 2026-01-26 12:50:33.515739771+00:00 | Price: 1.18435
TICK: 2026-01-26 12:50:33.645085562+00:00 | Price: 1.18434
TICK: 2026-01-26 12:50:34.066547415+00:00 | Price: 1.18435
TICK: 2026-01-26 12:50:34.082394046+00:00 | Price: 1.18434
TICK: 2026-01-26 12:50:34.650877566+00:00 | Price: 1.18434
TICK: 2026-01-26 12:50:35.150806766+00:00 | Price: 1.18434
TICK: 2026-01-26 12:50:36.291462300+00:00 | Price: 1.18434
TICK: 2026-01-26 12:50:37.273155104+00:00 | Price: 1.18433
TICK: 2026-01-26 12:50:37.775211170+00:00 | Price: 1.18433
TICK: 2026-01-26 12:50:38.449901850+00:00 | Price: 1.18430
TICK: 2026-01-26 12:50:38.983325107+00:00 | Price: 1.18426
TICK: 2026-01-26 12:50:39.027181810+00:00 | Price: 1.18426
TICK: 2026-01-26 12:50:39.419573244+00:00 | Price: 1.18426
TICK: 2026-01-26 12:50:40.061384712+00:00 | Price: 1.18427
TICK: 2026-01-26 12:50:40.101128392+00:00 | Price: 1.18427
TICK: 2026-01-26 12:50:42.165663287+00:00 | Price: 1.18429
TICK: 2026-01-26 12:50:42.345116573+00:00 | Price: 1.18427
TICK: 2026-01-26 12:50:43.362158199+00:00 | Price: 1.18427
TICK: 2026-01-26 12:50:44.448159775+00:00 | Price: 1.18422
TICK: 2026-01-26 12:50:48.714033802+00:00 | Price: 1.18425
TICK: 2026-01-26 12:50:50.355950736+00:00 | Price: 1.18426
TICK: 2026-01-26 12:50:50.785360578+00:00 | Price: 1.18421
TICK: 2026-01-26 12:50:51.942541827+00:00 | Price: 1.18423
TICK: 2026-01-26 12:50:52.272637774+00:00 | Price: 1.18423
TICK: 2026-01-26 12:50:53.361866636+00:00 | Price: 1.18423
TICK: 2026-01-26 12:50:53.870489445+00:00 | Price: 1.18423
TICK: 2026-01-26 12:50:55.217333829+00:00 | Price: 1.18423
TICK: 2026-01-26 12:50:55.627254564+00:00 | Price: 1.18424
TICK: 2026-01-26 12:50:55.842185923+00:00 | Price: 1.18423
TICK: 2026-01-26 12:50:56.357020099+00:00 | Price: 1.18423
TICK: 2026-01-26 12:50:56.954089723+00:00 | Price: 1.18423
TICK: 2026-01-26 12:50:57.023667902+00:00 | Price: 1.18424
TICK: 2026-01-26 12:50:57.364075114+00:00 | Price: 1.18423
TICK: 2026-01-26 12:50:59.007160069+00:00 | Price: 1.18423
TICK: 2026-01-26 12:50:59.192580306+00:00 | Price: 1.18423
TICK: 2026-01-26 12:50:59.375587840+00:00 | Price: 1.18424
TICK: 2026-01-26 12:50:59.776295961+00:00 | Price: 1.18426
TICK: 2026-01-26 12:51:00.070009266+00:00 | Price: 1.18425

Bar completed at 2026-01-26 12:51:00.070009266+00:00
Prediction: 1 | Strategy Position: 1
Synced Position: 1 (Net Units: 100000)
Data saved to data\streamed\streamed_data.csv
TICK: 2026-01-26 12:51:00.347620566+00:00 | Price: 1.18425
TICK: 2026-01-26 12:51:00.507372239+00:00 | Price: 1.18426
TICK: 2026-01-26 12:51:00.999146028+00:00 | Price: 1.18425
TICK: 2026-01-26 12:51:01.343648443+00:00 | Price: 1.18426
TICK: 2026-01-26 12:51:01.517548080+00:00 | Price: 1.18427
TICK: 2026-01-26 12:51:02.501272348+00:00 | Price: 1.18429
TICK: 2026-01-26 12:51:03.399867312+00:00 | Price: 1.18430
TICK: 2026-01-26 12:51:03.693355760+00:00 | Price: 1.18433
TICK: 2026-01-26 12:51:03.774864469+00:00 | Price: 1.18433
TICK: 2026-01-26 12:51:04.199317541+00:00 | Price: 1.18433
TICK: 2026-01-26 12:51:04.296595449+00:00 | Price: 1.18434
TICK: 2026-01-26 12:51:04.612724219+00:00 | Price: 1.18432
TICK: 2026-01-26 12:51:05.077069712+00:00 | Price: 1.18432
TICK: 2026-01-26 12:51:05.607497534+00:00 | Price: 1.18431
TICK: 2026-01-26 12:51:07.480906657+00:00 | Price: 1.18431
TICK: 2026-01-26 12:51:09.031520602+00:00 | Price: 1.18432
TICK: 2026-01-26 12:51:09.401802282+00:00 | Price: 1.18430
TICK: 2026-01-26 12:51:09.671652467+00:00 | Price: 1.18430
TICK: 2026-01-26 12:51:09.983313779+00:00 | Price: 1.18430
TICK: 2026-01-26 12:51:10.294359618+00:00 | Price: 1.18427
TICK: 2026-01-26 12:51:10.413766179+00:00 | Price: 1.18426
TICK: 2026-01-26 12:51:12.117915006+00:00 | Price: 1.18426
TICK: 2026-01-26 12:51:12.233166534+00:00 | Price: 1.18426
TICK: 2026-01-26 12:51:12.666610911+00:00 | Price: 1.18426
TICK: 2026-01-26 12:51:13.229385185+00:00 | Price: 1.18426
TICK: 2026-01-26 12:51:13.482408544+00:00 | Price: 1.18426
TICK: 2026-01-26 12:51:14.689606829+00:00 | Price: 1.18426
TICK: 2026-01-26 12:51:15.013861568+00:00 | Price: 1.18425
TICK: 2026-01-26 12:51:15.923163071+00:00 | Price: 1.18426
TICK: 2026-01-26 12:51:17.997519284+00:00 | Price: 1.18426
TICK: 2026-01-26 12:51:18.329281275+00:00 | Price: 1.18425
TICK: 2026-01-26 12:51:18.517952098+00:00 | Price: 1.18426
TICK: 2026-01-26 12:51:19.298267618+00:00 | Price: 1.18426
TICK: 2026-01-26 12:51:19.486788124+00:00 | Price: 1.18426
TICK: 2026-01-26 12:51:20.710674452+00:00 | Price: 1.18425
TICK: 2026-01-26 12:51:21.403520475+00:00 | Price: 1.18426
TICK: 2026-01-26 12:51:22.076571412+00:00 | Price: 1.18425
TICK: 2026-01-26 12:51:22.259551532+00:00 | Price: 1.18426
TICK: 2026-01-26 12:51:23.221516446+00:00 | Price: 1.18426
TICK: 2026-01-26 12:51:24.919262205+00:00 | Price: 1.18426
TICK: 2026-01-26 12:51:25.830171798+00:00 | Price: 1.18426
TICK: 2026-01-26 12:51:26.499509451+00:00 | Price: 1.18426
TICK: 2026-01-26 12:51:27.611326818+00:00 | Price: 1.18426
TICK: 2026-01-26 12:51:28.148122279+00:00 | Price: 1.18425
TICK: 2026-01-26 12:51:28.237728900+00:00 | Price: 1.18426
TICK: 2026-01-26 12:51:28.488401085+00:00 | Price: 1.18425
TICK: 2026-01-26 12:51:28.946312768+00:00 | Price: 1.18426
TICK: 2026-01-26 12:51:29.144786418+00:00 | Price: 1.18426
TICK: 2026-01-26 12:51:29.506706305+00:00 | Price: 1.18426
TICK: 2026-01-26 12:51:30.242201553+00:00 | Price: 1.18426
TICK: 2026-01-26 12:51:30.360666097+00:00 | Price: 1.18426
TICK: 2026-01-26 12:51:30.647863255+00:00 | Price: 1.18426
TICK: 2026-01-26 12:51:30.907892329+00:00 | Price: 1.18426
TICK: 2026-01-26 12:51:31.121187152+00:00 | Price: 1.18428
TICK: 2026-01-26 12:51:34.948720629+00:00 | Price: 1.18429
TICK: 2026-01-26 12:51:35.659310138+00:00 | Price: 1.18429
TICK: 2026-01-26 12:51:35.831005500+00:00 | Price: 1.18429
TICK: 2026-01-26 12:51:39.592086472+00:00 | Price: 1.18428
TICK: 2026-01-26 12:51:40.161212614+00:00 | Price: 1.18428
TICK: 2026-01-26 12:51:40.465003851+00:00 | Price: 1.18429
TICK: 2026-01-26 12:51:42.952151137+00:00 | Price: 1.18429
TICK: 2026-01-26 12:51:43.481710724+00:00 | Price: 1.18433
TICK: 2026-01-26 12:51:43.642198470+00:00 | Price: 1.18433
TICK: 2026-01-26 12:51:44.833153701+00:00 | Price: 1.18433
TICK: 2026-01-26 12:51:45.195753814+00:00 | Price: 1.18432
TICK: 2026-01-26 12:51:45.550567927+00:00 | Price: 1.18433
TICK: 2026-01-26 12:51:46.782650389+00:00 | Price: 1.18434
TICK: 2026-01-26 12:51:46.877249477+00:00 | Price: 1.18433
TICK: 2026-01-26 12:51:47.581741722+00:00 | Price: 1.18432
TICK: 2026-01-26 12:51:47.830229888+00:00 | Price: 1.18432
TICK: 2026-01-26 12:51:48.863181089+00:00 | Price: 1.18433
TICK: 2026-01-26 12:51:50.196931391+00:00 | Price: 1.18434
TICK: 2026-01-26 12:51:50.537395102+00:00 | Price: 1.18433
TICK: 2026-01-26 12:51:52.285229055+00:00 | Price: 1.18435
TICK: 2026-01-26 12:51:53.003797821+00:00 | Price: 1.18434
TICK: 2026-01-26 12:51:53.615707167+00:00 | Price: 1.18434
TICK: 2026-01-26 12:51:55.078904132+00:00 | Price: 1.18434
TICK: 2026-01-26 12:51:57.351167534+00:00 | Price: 1.18434
TICK: 2026-01-26 12:51:57.619223643+00:00 | Price: 1.18434
TICK: 2026-01-26 12:52:01.534475869+00:00 | Price: 1.18435

Bar completed at 2026-01-26 12:52:01.534475869+00:00
Prediction: 1 | Strategy Position: 1
Synced Position: 1 (Net Units: 100000)
Data saved to data\streamed\streamed_data.csv
TICK: 2026-01-26 12:52:01.870352817+00:00 | Price: 1.18433
TICK: 2026-01-26 12:52:02.651509837+00:00 | Price: 1.18430
TICK: 2026-01-26 12:52:02.798743222+00:00 | Price: 1.18426
TICK: 2026-01-26 12:52:08.542426268+00:00 | Price: 1.18426
TICK: 2026-01-26 12:52:09.110071756+00:00 | Price: 1.18428
TICK: 2026-01-26 12:52:09.900948264+00:00 | Price: 1.18427
TICK: 2026-01-26 12:52:10.283575525+00:00 | Price: 1.18426
TICK: 2026-01-26 12:52:10.539856815+00:00 | Price: 1.18427
TICK: 2026-01-26 12:52:11.130470307+00:00 | Price: 1.18426
TICK: 2026-01-26 12:52:16.315911470+00:00 | Price: 1.18426
TICK: 2026-01-26 12:52:21.787891531+00:00 | Price: 1.18427
TICK: 2026-01-26 12:52:23.426615677+00:00 | Price: 1.18428
TICK: 2026-01-26 12:52:24.281625340+00:00 | Price: 1.18429
TICK: 2026-01-26 12:52:24.691783959+00:00 | Price: 1.18428
TICK: 2026-01-26 12:52:25.015240974+00:00 | Price: 1.18429
TICK: 2026-01-26 12:52:26.122469137+00:00 | Price: 1.18426
TICK: 2026-01-26 12:52:26.697712800+00:00 | Price: 1.18427
TICK: 2026-01-26 12:52:28.306385459+00:00 | Price: 1.18426
TICK: 2026-01-26 12:52:29.036376904+00:00 | Price: 1.18427
TICK: 2026-01-26 12:52:30.022959990+00:00 | Price: 1.18427
TICK: 2026-01-26 12:52:30.774797766+00:00 | Price: 1.18428
TICK: 2026-01-26 12:52:31.216542480+00:00 | Price: 1.18426
TICK: 2026-01-26 12:52:31.589677023+00:00 | Price: 1.18427
TICK: 2026-01-26 12:52:32.018951894+00:00 | Price: 1.18426
TICK: 2026-01-26 12:52:33.098201333+00:00 | Price: 1.18427
TICK: 2026-01-26 12:52:34.105665407+00:00 | Price: 1.18426
TICK: 2026-01-26 12:52:35.021904282+00:00 | Price: 1.18427
TICK: 2026-01-26 12:52:37.268810794+00:00 | Price: 1.18426
TICK: 2026-01-26 12:52:39.963896402+00:00 | Price: 1.18427
TICK: 2026-01-26 12:52:41.018794645+00:00 | Price: 1.18426
TICK: 2026-01-26 12:52:41.426017365+00:00 | Price: 1.18425
TICK: 2026-01-26 12:52:41.849512739+00:00 | Price: 1.18427
TICK: 2026-01-26 12:52:42.597822783+00:00 | Price: 1.18426
TICK: 2026-01-26 12:52:44.054000686+00:00 | Price: 1.18426
TICK: 2026-01-26 12:52:45.017021720+00:00 | Price: 1.18426
TICK: 2026-01-26 12:52:45.174132002+00:00 | Price: 1.18426
TICK: 2026-01-26 12:52:45.647938380+00:00 | Price: 1.18426
TICK: 2026-01-26 12:52:46.614636842+00:00 | Price: 1.18426
TICK: 2026-01-26 12:52:46.779707833+00:00 | Price: 1.18426
TICK: 2026-01-26 12:52:48.682225274+00:00 | Price: 1.18426
TICK: 2026-01-26 12:52:49.016682749+00:00 | Price: 1.18426
TICK: 2026-01-26 12:52:49.252073168+00:00 | Price: 1.18426
TICK: 2026-01-26 12:52:49.683934911+00:00 | Price: 1.18426
TICK: 2026-01-26 12:52:49.954569667+00:00 | Price: 1.18426
TICK: 2026-01-26 12:52:50.206771582+00:00 | Price: 1.18429
TICK: 2026-01-26 12:52:53.839959885+00:00 | Price: 1.18430
TICK: 2026-01-26 12:52:53.983229161+00:00 | Price: 1.18429
TICK: 2026-01-26 12:52:54.421354824+00:00 | Price: 1.18427
TICK: 2026-01-26 12:52:55.086889904+00:00 | Price: 1.18427
TICK: 2026-01-26 12:52:55.329222519+00:00 | Price: 1.18426
TICK: 2026-01-26 12:52:57.009337463+00:00 | Price: 1.18426
TICK: 2026-01-26 12:52:57.290990393+00:00 | Price: 1.18429
TICK: 2026-01-26 12:52:58.059968479+00:00 | Price: 1.18429
TICK: 2026-01-26 12:53:02.842120343+00:00 | Price: 1.18428

Bar completed at 2026-01-26 12:53:02.842120343+00:00
Prediction: 1 | Strategy Position: 1
Synced Position: 1 (Net Units: 100000)
Data saved to data\streamed\streamed_data.csv
TICK: 2026-01-26 12:53:04.117820599+00:00 | Price: 1.18426
TICK: 2026-01-26 12:53:04.249882196+00:00 | Price: 1.18426
TICK: 2026-01-26 12:53:06.701906037+00:00 | Price: 1.18426
TICK: 2026-01-26 12:53:09.090431307+00:00 | Price: 1.18426
TICK: 2026-01-26 12:53:09.172784729+00:00 | Price: 1.18426
TICK: 2026-01-26 12:53:17.205297182+00:00 | Price: 1.18422
TICK: 2026-01-26 12:53:17.274251798+00:00 | Price: 1.18422
TICK: 2026-01-26 12:53:18.980945162+00:00 | Price: 1.18423
TICK: 2026-01-26 12:53:19.285348254+00:00 | Price: 1.18424
TICK: 2026-01-26 12:53:21.072197640+00:00 | Price: 1.18423
TICK: 2026-01-26 12:53:22.495366625+00:00 | Price: 1.18424
TICK: 2026-01-26 12:53:22.618966152+00:00 | Price: 1.18424
TICK: 2026-01-26 12:53:23.256639909+00:00 | Price: 1.18425
TICK: 2026-01-26 12:53:23.517569538+00:00 | Price: 1.18426
TICK: 2026-01-26 12:53:23.692291604+00:00 | Price: 1.18425
TICK: 2026-01-26 12:53:24.134766706+00:00 | Price: 1.18424
TICK: 2026-01-26 12:53:25.613104742+00:00 | Price: 1.18422
TICK: 2026-01-26 12:53:26.979332888+00:00 | Price: 1.18423
TICK: 2026-01-26 12:53:27.153359543+00:00 | Price: 1.18422
TICK: 2026-01-26 12:53:28.227009368+00:00 | Price: 1.18422
TICK: 2026-01-26 12:53:37.894165686+00:00 | Price: 1.18423
TICK: 2026-01-26 12:53:38.733836688+00:00 | Price: 1.18426
TICK: 2026-01-26 12:53:39.131152771+00:00 | Price: 1.18423
TICK: 2026-01-26 12:53:39.298016175+00:00 | Price: 1.18422
TICK: 2026-01-26 12:53:40.727330501+00:00 | Price: 1.18422
TICK: 2026-01-26 12:53:41.999660782+00:00 | Price: 1.18422
TICK: 2026-01-26 12:53:42.857736525+00:00 | Price: 1.18422
TICK: 2026-01-26 12:53:43.093932355+00:00 | Price: 1.18422
TICK: 2026-01-26 12:53:46.085319775+00:00 | Price: 1.18420
TICK: 2026-01-26 12:53:46.751426770+00:00 | Price: 1.18421
TICK: 2026-01-26 12:53:49.027807297+00:00 | Price: 1.18422
TICK: 2026-01-26 12:53:49.626871140+00:00 | Price: 1.18421
TICK: 2026-01-26 12:53:49.992745713+00:00 | Price: 1.18422
TICK: 2026-01-26 12:53:51.004001214+00:00 | Price: 1.18415
TICK: 2026-01-26 12:53:51.302446917+00:00 | Price: 1.18416
TICK: 2026-01-26 12:53:51.668959813+00:00 | Price: 1.18415
TICK: 2026-01-26 12:53:55.988875607+00:00 | Price: 1.18413
TICK: 2026-01-26 12:53:56.168217475+00:00 | Price: 1.18414
TICK: 2026-01-26 12:53:56.365381964+00:00 | Price: 1.18415
TICK: 2026-01-26 12:53:57.980722413+00:00 | Price: 1.18415
TICK: 2026-01-26 12:54:04.117936035+00:00 | Price: 1.18418

Bar completed at 2026-01-26 12:54:04.117936035+00:00
Prediction: 1 | Strategy Position: 1
Synced Position: 1 (Net Units: 100000)
Data saved to data\streamed\streamed_data.csv
TICK: 2026-01-26 12:54:04.163221107+00:00 | Price: 1.18416
TICK: 2026-01-26 12:54:05.273029254+00:00 | Price: 1.18410
TICK: 2026-01-26 12:54:05.591531656+00:00 | Price: 1.18410
TICK: 2026-01-26 12:54:05.604367467+00:00 | Price: 1.18409
TICK: 2026-01-26 12:54:06.820602276+00:00 | Price: 1.18407
TICK: 2026-01-26 12:54:09.088930762+00:00 | Price: 1.18409
TICK: 2026-01-26 12:54:09.598805856+00:00 | Price: 1.18410
TICK: 2026-01-26 12:54:10.057066896+00:00 | Price: 1.18410
TICK: 2026-01-26 12:54:10.227932313+00:00 | Price: 1.18410
TICK: 2026-01-26 12:54:12.213204563+00:00 | Price: 1.18410
TICK: 2026-01-26 12:54:12.768701021+00:00 | Price: 1.18408
TICK: 2026-01-26 12:54:13.111962696+00:00 | Price: 1.18405
TICK: 2026-01-26 12:54:13.265268180+00:00 | Price: 1.18406
TICK: 2026-01-26 12:54:14.318659872+00:00 | Price: 1.18406
TICK: 2026-01-26 12:54:14.613854214+00:00 | Price: 1.18410
TICK: 2026-01-26 12:54:14.924214197+00:00 | Price: 1.18407
TICK: 2026-01-26 12:54:15.303666534+00:00 | Price: 1.18408
TICK: 2026-01-26 12:54:15.412706049+00:00 | Price: 1.18407
TICK: 2026-01-26 12:54:17.434381919+00:00 | Price: 1.18409
TICK: 2026-01-26 12:54:18.202369050+00:00 | Price: 1.18410
TICK: 2026-01-26 12:54:21.032368291+00:00 | Price: 1.18409
TICK: 2026-01-26 12:54:21.129822293+00:00 | Price: 1.18409
TICK: 2026-01-26 12:54:23.373201249+00:00 | Price: 1.18410
TICK: 2026-01-26 12:54:26.004995613+00:00 | Price: 1.18409
TICK: 2026-01-26 12:54:26.189971720+00:00 | Price: 1.18409
TICK: 2026-01-26 12:54:26.736553490+00:00 | Price: 1.18405
TICK: 2026-01-26 12:54:26.967523647+00:00 | Price: 1.18406
TICK: 2026-01-26 12:54:27.246131928+00:00 | Price: 1.18405
TICK: 2026-01-26 12:54:27.763576400+00:00 | Price: 1.18406
TICK: 2026-01-26 12:54:27.992505174+00:00 | Price: 1.18405
TICK: 2026-01-26 12:54:28.394968694+00:00 | Price: 1.18405
TICK: 2026-01-26 12:54:29.016919150+00:00 | Price: 1.18405
TICK: 2026-01-26 12:54:30.438477259+00:00 | Price: 1.18403
TICK: 2026-01-26 12:54:30.823764339+00:00 | Price: 1.18403
TICK: 2026-01-26 12:54:30.925124920+00:00 | Price: 1.18402
TICK: 2026-01-26 12:54:31.671556909+00:00 | Price: 1.18402
TICK: 2026-01-26 12:54:31.787125730+00:00 | Price: 1.18402
TICK: 2026-01-26 12:54:32.240538240+00:00 | Price: 1.18402
TICK: 2026-01-26 12:54:33.166591215+00:00 | Price: 1.18404
TICK: 2026-01-26 12:54:33.950060446+00:00 | Price: 1.18405
TICK: 2026-01-26 12:54:34.912425692+00:00 | Price: 1.18404
TICK: 2026-01-26 12:54:35.461672884+00:00 | Price: 1.18404
TICK: 2026-01-26 12:54:35.792201361+00:00 | Price: 1.18406
TICK: 2026-01-26 12:54:36.014592660+00:00 | Price: 1.18406
TICK: 2026-01-26 12:54:36.151637318+00:00 | Price: 1.18407
TICK: 2026-01-26 12:54:36.831990813+00:00 | Price: 1.18409
TICK: 2026-01-26 12:54:37.181805981+00:00 | Price: 1.18413
TICK: 2026-01-26 12:54:37.792012745+00:00 | Price: 1.18414
TICK: 2026-01-26 12:54:37.919061716+00:00 | Price: 1.18416
TICK: 2026-01-26 12:54:38.354830697+00:00 | Price: 1.18416
TICK: 2026-01-26 12:54:38.515674746+00:00 | Price: 1.18416
TICK: 2026-01-26 12:54:38.857308064+00:00 | Price: 1.18415
TICK: 2026-01-26 12:54:39.868639059+00:00 | Price: 1.18413
TICK: 2026-01-26 12:54:40.741971615+00:00 | Price: 1.18413
TICK: 2026-01-26 12:54:41.654265371+00:00 | Price: 1.18412
TICK: 2026-01-26 12:54:43.806688701+00:00 | Price: 1.18410
TICK: 2026-01-26 12:54:45.649743637+00:00 | Price: 1.18409
TICK: 2026-01-26 12:54:46.542827457+00:00 | Price: 1.18412
TICK: 2026-01-26 12:54:49.799959697+00:00 | Price: 1.18411
TICK: 2026-01-26 12:54:50.356321703+00:00 | Price: 1.18411
TICK: 2026-01-26 12:54:50.629750640+00:00 | Price: 1.18411
TICK: 2026-01-26 12:54:53.627607278+00:00 | Price: 1.18410
TICK: 2026-01-26 12:54:53.885829180+00:00 | Price: 1.18410
TICK: 2026-01-26 12:54:54.503211655+00:00 | Price: 1.18410
TICK: 2026-01-26 12:54:55.430389157+00:00 | Price: 1.18411
TICK: 2026-01-26 12:54:56.573595544+00:00 | Price: 1.18410
TICK: 2026-01-26 12:54:57.098979960+00:00 | Price: 1.18410
TICK: 2026-01-26 12:54:57.542425022+00:00 | Price: 1.18412
TICK: 2026-01-26 12:54:57.739619191+00:00 | Price: 1.18413
TICK: 2026-01-26 12:54:58.172595440+00:00 | Price: 1.18413
TICK: 2026-01-26 12:54:58.283547281+00:00 | Price: 1.18413
TICK: 2026-01-26 12:54:58.614402511+00:00 | Price: 1.18413
TICK: 2026-01-26 12:54:59.125770680+00:00 | Price: 1.18414
TICK: 2026-01-26 12:54:59.374506779+00:00 | Price: 1.18413
TICK: 2026-01-26 12:54:59.694198248+00:00 | Price: 1.18414
TICK: 2026-01-26 12:55:00.306838119+00:00 | Price: 1.18413

Bar completed at 2026-01-26 12:55:00.306838119+00:00
Prediction: 1 | Strategy Position: 1
Synced Position: 1 (Net Units: 100000)
Data saved to data\streamed\streamed_data.csv
TICK: 2026-01-26 12:55:04.187753993+00:00 | Price: 1.18412
TICK: 2026-01-26 12:55:04.745263235+00:00 | Price: 1.18409
TICK: 2026-01-26 12:55:04.829415893+00:00 | Price: 1.18409
TICK: 2026-01-26 12:55:05.197795938+00:00 | Price: 1.18408
TICK: 2026-01-26 12:55:05.966762314+00:00 | Price: 1.18407
TICK: 2026-01-26 12:55:06.464408900+00:00 | Price: 1.18408
TICK: 2026-01-26 12:55:07.697638871+00:00 | Price: 1.18409
TICK: 2026-01-26 12:55:07.818211474+00:00 | Price: 1.18405
TICK: 2026-01-26 12:55:08.333634060+00:00 | Price: 1.18405
TICK: 2026-01-26 12:55:09.555075271+00:00 | Price: 1.18405
TICK: 2026-01-26 12:55:09.658391524+00:00 | Price: 1.18405
TICK: 2026-01-26 12:55:10.378966592+00:00 | Price: 1.18405
TICK: 2026-01-26 12:55:10.582171805+00:00 | Price: 1.18405
TICK: 2026-01-26 12:55:10.822244651+00:00 | Price: 1.18405
TICK: 2026-01-26 12:55:11.111996021+00:00 | Price: 1.18406
TICK: 2026-01-26 12:55:12.168145448+00:00 | Price: 1.18405
TICK: 2026-01-26 12:55:12.431202142+00:00 | Price: 1.18406
TICK: 2026-01-26 12:55:13.078191804+00:00 | Price: 1.18405
TICK: 2026-01-26 12:55:13.962165773+00:00 | Price: 1.18406
TICK: 2026-01-26 12:55:16.084084231+00:00 | Price: 1.18410
TICK: 2026-01-26 12:55:16.324491599+00:00 | Price: 1.18416
TICK: 2026-01-26 12:55:16.548396249+00:00 | Price: 1.18416
TICK: 2026-01-26 12:55:16.891370638+00:00 | Price: 1.18417
TICK: 2026-01-26 12:55:17.215123906+00:00 | Price: 1.18417
TICK: 2026-01-26 12:55:17.548601722+00:00 | Price: 1.18415
TICK: 2026-01-26 12:55:17.822819570+00:00 | Price: 1.18417
TICK: 2026-01-26 12:55:18.102147850+00:00 | Price: 1.18417
TICK: 2026-01-26 12:55:18.311739428+00:00 | Price: 1.18417
TICK: 2026-01-26 12:55:18.640353264+00:00 | Price: 1.18418
TICK: 2026-01-26 12:55:19.319249471+00:00 | Price: 1.18417
TICK: 2026-01-26 12:55:20.133888713+00:00 | Price: 1.18417
TICK: 2026-01-26 12:55:21.055745467+00:00 | Price: 1.18415
TICK: 2026-01-26 12:55:22.395537096+00:00 | Price: 1.18413
TICK: 2026-01-26 12:55:22.822083880+00:00 | Price: 1.18412
TICK: 2026-01-26 12:55:23.063102474+00:00 | Price: 1.18412
TICK: 2026-01-26 12:55:27.877530160+00:00 | Price: 1.18410
TICK: 2026-01-26 12:55:29.229898840+00:00 | Price: 1.18410
TICK: 2026-01-26 12:55:30.414154060+00:00 | Price: 1.18410
TICK: 2026-01-26 12:55:33.211547763+00:00 | Price: 1.18412
TICK: 2026-01-26 12:55:33.234847632+00:00 | Price: 1.18410
TICK: 2026-01-26 12:55:35.658124742+00:00 | Price: 1.18411
TICK: 2026-01-26 12:55:35.861036658+00:00 | Price: 1.18410
TICK: 2026-01-26 12:55:37.149219502+00:00 | Price: 1.18410
TICK: 2026-01-26 12:55:39.163817367+00:00 | Price: 1.18409
TICK: 2026-01-26 12:55:39.478079630+00:00 | Price: 1.18410
TICK: 2026-01-26 12:55:42.077752893+00:00 | Price: 1.18409
TICK: 2026-01-26 12:55:43.134571111+00:00 | Price: 1.18406
TICK: 2026-01-26 12:55:43.310671422+00:00 | Price: 1.18407
TICK: 2026-01-26 12:55:43.632038604+00:00 | Price: 1.18407
TICK: 2026-01-26 12:55:43.914037267+00:00 | Price: 1.18410
TICK: 2026-01-26 12:55:45.640626867+00:00 | Price: 1.18409
TICK: 2026-01-26 12:55:46.066957167+00:00 | Price: 1.18409
TICK: 2026-01-26 12:55:46.619789474+00:00 | Price: 1.18409
TICK: 2026-01-26 12:55:46.679800546+00:00 | Price: 1.18409
TICK: 2026-01-26 12:55:48.036837131+00:00 | Price: 1.18409
TICK: 2026-01-26 12:55:48.343224212+00:00 | Price: 1.18409
TICK: 2026-01-26 12:55:48.705078755+00:00 | Price: 1.18409
TICK: 2026-01-26 12:55:49.329771354+00:00 | Price: 1.18409
TICK: 2026-01-26 12:55:49.832207913+00:00 | Price: 1.18407
TICK: 2026-01-26 12:55:51.737847556+00:00 | Price: 1.18408
TICK: 2026-01-26 12:55:53.828510155+00:00 | Price: 1.18409
TICK: 2026-01-26 12:55:53.885534195+00:00 | Price: 1.18409
TICK: 2026-01-26 12:55:56.530155584+00:00 | Price: 1.18409
TICK: 2026-01-26 12:55:56.892852257+00:00 | Price: 1.18407
TICK: 2026-01-26 12:55:56.955871378+00:00 | Price: 1.18407
TICK: 2026-01-26 12:55:57.233651290+00:00 | Price: 1.18407
TICK: 2026-01-26 12:55:58.803512426+00:00 | Price: 1.18407
TICK: 2026-01-26 12:55:58.974640169+00:00 | Price: 1.18405
TICK: 2026-01-26 12:55:59.577694046+00:00 | Price: 1.18405
TICK: 2026-01-26 12:55:59.891975815+00:00 | Price: 1.18405
TICK: 2026-01-26 12:56:01.707495408+00:00 | Price: 1.18406

Bar completed at 2026-01-26 12:56:01.707495408+00:00
Prediction: 1 | Strategy Position: 1
Synced Position: 1 (Net Units: 100000)
Data saved to data\streamed\streamed_data.csv
TICK: 2026-01-26 12:56:02.189126278+00:00 | Price: 1.18405
TICK: 2026-01-26 12:56:03.035615891+00:00 | Price: 1.18405
TICK: 2026-01-26 12:56:04.363130269+00:00 | Price: 1.18405
TICK: 2026-01-26 12:56:04.788222760+00:00 | Price: 1.18405
TICK: 2026-01-26 12:56:05.406221401+00:00 | Price: 1.18405
TICK: 2026-01-26 12:56:08.015298220+00:00 | Price: 1.18405
TICK: 2026-01-26 12:56:08.046712891+00:00 | Price: 1.18405
TICK: 2026-01-26 12:56:08.729975067+00:00 | Price: 1.18405
TICK: 2026-01-26 12:56:10.194589669+00:00 | Price: 1.18405
TICK: 2026-01-26 12:56:15.596329442+00:00 | Price: 1.18405
TICK: 2026-01-26 12:56:15.975509963+00:00 | Price: 1.18405
TICK: 2026-01-26 12:56:16.247074322+00:00 | Price: 1.18408
TICK: 2026-01-26 12:56:16.442575933+00:00 | Price: 1.18409
TICK: 2026-01-26 12:56:19.976696076+00:00 | Price: 1.18410
TICK: 2026-01-26 12:56:20.726867941+00:00 | Price: 1.18409
TICK: 2026-01-26 12:56:23.413947699+00:00 | Price: 1.18406
TICK: 2026-01-26 12:56:24.013178931+00:00 | Price: 1.18407
TICK: 2026-01-26 12:56:24.811801918+00:00 | Price: 1.18409
TICK: 2026-01-26 12:56:24.918186984+00:00 | Price: 1.18410
TICK: 2026-01-26 12:56:25.252970651+00:00 | Price: 1.18410
TICK: 2026-01-26 12:56:25.770511741+00:00 | Price: 1.18410
TICK: 2026-01-26 12:56:30.153408259+00:00 | Price: 1.18410
TICK: 2026-01-26 12:56:31.187138463+00:00 | Price: 1.18409
TICK: 2026-01-26 12:56:33.399118485+00:00 | Price: 1.18410
TICK: 2026-01-26 12:56:34.836995912+00:00 | Price: 1.18410
TICK: 2026-01-26 12:56:36.021008897+00:00 | Price: 1.18410
TICK: 2026-01-26 12:56:36.287564610+00:00 | Price: 1.18410
TICK: 2026-01-26 12:56:36.452722961+00:00 | Price: 1.18410
TICK: 2026-01-26 12:56:37.266101326+00:00 | Price: 1.18409
TICK: 2026-01-26 12:56:39.581382410+00:00 | Price: 1.18410
TICK: 2026-01-26 12:56:40.533478039+00:00 | Price: 1.18410
TICK: 2026-01-26 12:56:41.696009834+00:00 | Price: 1.18410
TICK: 2026-01-26 12:56:42.097327529+00:00 | Price: 1.18410
TICK: 2026-01-26 12:56:46.087222712+00:00 | Price: 1.18405
TICK: 2026-01-26 12:56:47.930832812+00:00 | Price: 1.18406
TICK: 2026-01-26 12:56:48.322512106+00:00 | Price: 1.18405
TICK: 2026-01-26 12:56:48.880598048+00:00 | Price: 1.18405
TICK: 2026-01-26 12:56:50.310097896+00:00 | Price: 1.18405
TICK: 2026-01-26 12:56:53.028140080+00:00 | Price: 1.18406
TICK: 2026-01-26 12:56:55.083020941+00:00 | Price: 1.18407
TICK: 2026-01-26 12:56:55.216554292+00:00 | Price: 1.18406
TICK: 2026-01-26 12:56:56.585085717+00:00 | Price: 1.18406
TICK: 2026-01-26 12:56:56.734799639+00:00 | Price: 1.18405
TICK: 2026-01-26 12:56:57.190344934+00:00 | Price: 1.18405
TICK: 2026-01-26 12:56:58.016018778+00:00 | Price: 1.18405
TICK: 2026-01-26 12:56:58.114546371+00:00 | Price: 1.18405
TICK: 2026-01-26 12:56:58.657176386+00:00 | Price: 1.18405
TICK: 2026-01-26 12:56:59.748244470+00:00 | Price: 1.18405
TICK: 2026-01-26 12:57:00.228235332+00:00 | Price: 1.18405

Bar completed at 2026-01-26 12:57:00.228235332+00:00
Prediction: 1 | Strategy Position: 1
Synced Position: 1 (Net Units: 100000)
Data saved to data\streamed\streamed_data.csv
TICK: 2026-01-26 12:57:01.259848874+00:00 | Price: 1.18405
TICK: 2026-01-26 12:57:01.774600190+00:00 | Price: 1.18405
TICK: 2026-01-26 12:57:03.211235966+00:00 | Price: 1.18405
TICK: 2026-01-26 12:57:03.616473249+00:00 | Price: 1.18405
TICK: 2026-01-26 12:57:06.739200197+00:00 | Price: 1.18405
TICK: 2026-01-26 12:57:07.091480585+00:00 | Price: 1.18405
TICK: 2026-01-26 12:57:07.656871428+00:00 | Price: 1.18405
TICK: 2026-01-26 12:57:08.632537959+00:00 | Price: 1.18405
TICK: 2026-01-26 12:57:09.553612975+00:00 | Price: 1.18405
TICK: 2026-01-26 12:57:11.161207160+00:00 | Price: 1.18405
TICK: 2026-01-26 12:57:11.235614493+00:00 | Price: 1.18405
TICK: 2026-01-26 12:57:12.440945600+00:00 | Price: 1.18409
TICK: 2026-01-26 12:57:12.542885272+00:00 | Price: 1.18406
TICK: 2026-01-26 12:57:12.969746491+00:00 | Price: 1.18406
TICK: 2026-01-26 12:57:15.779234515+00:00 | Price: 1.18406
TICK: 2026-01-26 12:57:16.594580776+00:00 | Price: 1.18406
TICK: 2026-01-26 12:57:17.000313370+00:00 | Price: 1.18405
TICK: 2026-01-26 12:57:18.864643957+00:00 | Price: 1.18405
TICK: 2026-01-26 12:57:18.920316277+00:00 | Price: 1.18405
TICK: 2026-01-26 12:57:19.557925235+00:00 | Price: 1.18405
TICK: 2026-01-26 12:57:19.945687361+00:00 | Price: 1.18405
TICK: 2026-01-26 12:57:28.259719961+00:00 | Price: 1.18405
TICK: 2026-01-26 12:57:28.685308991+00:00 | Price: 1.18405
TICK: 2026-01-26 12:57:29.031019199+00:00 | Price: 1.18405
TICK: 2026-01-26 12:57:29.710228818+00:00 | Price: 1.18405
TICK: 2026-01-26 12:57:29.807739099+00:00 | Price: 1.18406
TICK: 2026-01-26 12:57:31.616431499+00:00 | Price: 1.18405
TICK: 2026-01-26 12:57:32.427518888+00:00 | Price: 1.18406
TICK: 2026-01-26 12:57:33.731146103+00:00 | Price: 1.18405
TICK: 2026-01-26 12:57:37.585865612+00:00 | Price: 1.18412
TICK: 2026-01-26 12:57:37.959636227+00:00 | Price: 1.18412
TICK: 2026-01-26 12:57:38.218313880+00:00 | Price: 1.18410
TICK: 2026-01-26 12:57:39.223240087+00:00 | Price: 1.18410
TICK: 2026-01-26 12:57:40.797565684+00:00 | Price: 1.18410
TICK: 2026-01-26 12:57:46.230080649+00:00 | Price: 1.18409
TICK: 2026-01-26 12:57:50.811984883+00:00 | Price: 1.18409
TICK: 2026-01-26 12:57:51.062703467+00:00 | Price: 1.18410
TICK: 2026-01-26 12:57:51.397826541+00:00 | Price: 1.18410
TICK: 2026-01-26 12:57:51.612467157+00:00 | Price: 1.18415
TICK: 2026-01-26 12:57:51.772511326+00:00 | Price: 1.18415
TICK: 2026-01-26 12:57:54.859624972+00:00 | Price: 1.18419
TICK: 2026-01-26 12:57:55.182671753+00:00 | Price: 1.18418
TICK: 2026-01-26 12:57:55.295953547+00:00 | Price: 1.18417
TICK: 2026-01-26 12:57:55.607240518+00:00 | Price: 1.18417
TICK: 2026-01-26 12:57:56.585514461+00:00 | Price: 1.18416
TICK: 2026-01-26 12:57:57.140554956+00:00 | Price: 1.18415
TICK: 2026-01-26 12:57:58.459753324+00:00 | Price: 1.18415
TICK: 2026-01-26 12:57:58.719011604+00:00 | Price: 1.18414
TICK: 2026-01-26 12:57:59.149712184+00:00 | Price: 1.18414
TICK: 2026-01-26 12:57:59.538432955+00:00 | Price: 1.18417
TICK: 2026-01-26 12:57:59.864451938+00:00 | Price: 1.18417
TICK: 2026-01-26 12:58:00.003011584+00:00 | Price: 1.18417

Bar completed at 2026-01-26 12:58:00.003011584+00:00
Prediction: 1 | Strategy Position: 1
Synced Position: 1 (Net Units: 100000)
Data saved to data\streamed\streamed_data.csv
TICK: 2026-01-26 12:58:00.321348016+00:00 | Price: 1.18416
TICK: 2026-01-26 12:58:00.591755970+00:00 | Price: 1.18418
TICK: 2026-01-26 12:58:00.863885489+00:00 | Price: 1.18417
TICK: 2026-01-26 12:58:01.196821942+00:00 | Price: 1.18418
TICK: 2026-01-26 12:58:01.922468674+00:00 | Price: 1.18414
TICK: 2026-01-26 12:58:03.626915596+00:00 | Price: 1.18415
TICK: 2026-01-26 12:58:04.185118338+00:00 | Price: 1.18414
TICK: 2026-01-26 12:58:04.656688062+00:00 | Price: 1.18415
TICK: 2026-01-26 12:58:04.706640583+00:00 | Price: 1.18414
TICK: 2026-01-26 12:58:05.098993651+00:00 | Price: 1.18415
TICK: 2026-01-26 12:58:09.066077905+00:00 | Price: 1.18414
TICK: 2026-01-26 12:58:10.134637376+00:00 | Price: 1.18415
TICK: 2026-01-26 12:58:10.839370478+00:00 | Price: 1.18414
TICK: 2026-01-26 12:58:12.139329106+00:00 | Price: 1.18415
TICK: 2026-01-26 12:58:13.539027421+00:00 | Price: 1.18416
TICK: 2026-01-26 12:58:15.973350001+00:00 | Price: 1.18415
TICK: 2026-01-26 12:58:19.178067120+00:00 | Price: 1.18416
TICK: 2026-01-26 12:58:19.371816279+00:00 | Price: 1.18416
TICK: 2026-01-26 12:58:20.977195160+00:00 | Price: 1.18417
TICK: 2026-01-26 12:58:22.110400577+00:00 | Price: 1.18420
TICK: 2026-01-26 12:58:22.397566935+00:00 | Price: 1.18420
TICK: 2026-01-26 12:58:23.116350846+00:00 | Price: 1.18422
TICK: 2026-01-26 12:58:24.662034984+00:00 | Price: 1.18420
TICK: 2026-01-26 12:58:25.308835348+00:00 | Price: 1.18422
TICK: 2026-01-26 12:58:28.115326056+00:00 | Price: 1.18421
TICK: 2026-01-26 12:58:28.569650726+00:00 | Price: 1.18420
TICK: 2026-01-26 12:58:29.198334909+00:00 | Price: 1.18419
TICK: 2026-01-26 12:58:29.533694656+00:00 | Price: 1.18420
TICK: 2026-01-26 12:58:29.705005550+00:00 | Price: 1.18420
TICK: 2026-01-26 12:58:30.823611685+00:00 | Price: 1.18420
TICK: 2026-01-26 12:58:33.595166633+00:00 | Price: 1.18419
TICK: 2026-01-26 12:58:34.034354203+00:00 | Price: 1.18420
TICK: 2026-01-26 12:58:34.351191393+00:00 | Price: 1.18422
TICK: 2026-01-26 12:58:34.540897143+00:00 | Price: 1.18422
TICK: 2026-01-26 12:58:34.808849317+00:00 | Price: 1.18420
TICK: 2026-01-26 12:58:36.539695242+00:00 | Price: 1.18418
TICK: 2026-01-26 12:58:36.699871875+00:00 | Price: 1.18419
TICK: 2026-01-26 12:58:37.239912281+00:00 | Price: 1.18421
TICK: 2026-01-26 12:58:37.363887168+00:00 | Price: 1.18419
TICK: 2026-01-26 12:58:39.141882395+00:00 | Price: 1.18420
TICK: 2026-01-26 12:58:39.559377072+00:00 | Price: 1.18421
TICK: 2026-01-26 12:58:40.150352463+00:00 | Price: 1.18422
TICK: 2026-01-26 12:58:41.590620236+00:00 | Price: 1.18418
TICK: 2026-01-26 12:58:42.297812835+00:00 | Price: 1.18419
TICK: 2026-01-26 12:58:42.492607900+00:00 | Price: 1.18419
TICK: 2026-01-26 12:58:43.017756809+00:00 | Price: 1.18417
TICK: 2026-01-26 12:58:43.750176948+00:00 | Price: 1.18417
TICK: 2026-01-26 12:58:44.294392017+00:00 | Price: 1.18417
TICK: 2026-01-26 12:58:47.627586679+00:00 | Price: 1.18417
TICK: 2026-01-26 12:58:49.035385792+00:00 | Price: 1.18416
TICK: 2026-01-26 12:58:49.795489511+00:00 | Price: 1.18416
TICK: 2026-01-26 12:58:51.974537284+00:00 | Price: 1.18416
TICK: 2026-01-26 12:58:52.740526441+00:00 | Price: 1.18416
TICK: 2026-01-26 12:58:52.755191020+00:00 | Price: 1.18416
TICK: 2026-01-26 12:58:53.029836640+00:00 | Price: 1.18416
TICK: 2026-01-26 12:58:53.855683274+00:00 | Price: 1.18416
TICK: 2026-01-26 12:58:54.547685396+00:00 | Price: 1.18416
TICK: 2026-01-26 12:58:54.783978535+00:00 | Price: 1.18418
TICK: 2026-01-26 12:58:54.892004862+00:00 | Price: 1.18417
TICK: 2026-01-26 12:58:55.975303156+00:00 | Price: 1.18417
TICK: 2026-01-26 12:58:56.686020243+00:00 | Price: 1.18417
TICK: 2026-01-26 12:58:56.819755228+00:00 | Price: 1.18417
TICK: 2026-01-26 12:58:57.090649796+00:00 | Price: 1.18418
TICK: 2026-01-26 12:58:58.229856188+00:00 | Price: 1.18419
TICK: 2026-01-26 12:58:58.507599718+00:00 | Price: 1.18421
TICK: 2026-01-26 12:58:58.817922132+00:00 | Price: 1.18421
TICK: 2026-01-26 12:58:59.193310098+00:00 | Price: 1.18422
TICK: 2026-01-26 12:59:00.527153855+00:00 | Price: 1.18421

Bar completed at 2026-01-26 12:59:00.527153855+00:00
Prediction: 1 | Strategy Position: 1
Synced Position: 1 (Net Units: 100000)
Data saved to data\streamed\streamed_data.csv
TICK: 2026-01-26 12:59:00.997806063+00:00 | Price: 1.18422
TICK: 2026-01-26 12:59:02.185579095+00:00 | Price: 1.18422
TICK: 2026-01-26 12:59:02.915117533+00:00 | Price: 1.18419
TICK: 2026-01-26 12:59:04.678018465+00:00 | Price: 1.18419
TICK: 2026-01-26 12:59:04.829116524+00:00 | Price: 1.18419
TICK: 2026-01-26 12:59:06.684119074+00:00 | Price: 1.18421
TICK: 2026-01-26 12:59:08.604525517+00:00 | Price: 1.18421
TICK: 2026-01-26 12:59:08.868569179+00:00 | Price: 1.18422
TICK: 2026-01-26 12:59:09.980619848+00:00 | Price: 1.18422
TICK: 2026-01-26 12:59:10.559091896+00:00 | Price: 1.18423
TICK: 2026-01-26 12:59:10.872024042+00:00 | Price: 1.18426
TICK: 2026-01-26 12:59:11.080960365+00:00 | Price: 1.18427
TICK: 2026-01-26 12:59:11.841974171+00:00 | Price: 1.18426
TICK: 2026-01-26 12:59:12.607750528+00:00 | Price: 1.18426
TICK: 2026-01-26 12:59:14.431179946+00:00 | Price: 1.18424
TICK: 2026-01-26 12:59:18.767106517+00:00 | Price: 1.18421
TICK: 2026-01-26 12:59:19.064951670+00:00 | Price: 1.18417
TICK: 2026-01-26 12:59:19.257075911+00:00 | Price: 1.18419
TICK: 2026-01-26 12:59:21.170631742+00:00 | Price: 1.18418
TICK: 2026-01-26 12:59:22.254440066+00:00 | Price: 1.18417
TICK: 2026-01-26 12:59:23.139623895+00:00 | Price: 1.18419
TICK: 2026-01-26 12:59:27.415999826+00:00 | Price: 1.18420
TICK: 2026-01-26 12:59:28.111035909+00:00 | Price: 1.18420
TICK: 2026-01-26 12:59:29.037965953+00:00 | Price: 1.18421
TICK: 2026-01-26 12:59:30.028474572+00:00 | Price: 1.18422
TICK: 2026-01-26 12:59:30.400030348+00:00 | Price: 1.18421
TICK: 2026-01-26 12:59:30.856292182+00:00 | Price: 1.18420
